2026-04-20 02:08:12,093  [INFO]  ============================================================
2026-04-20 02:08:12,094  [INFO]  PIPELINE iniciado: 2026-04-20 02:08:12
2026-04-20 02:08:12,095  [INFO]  ============================================================
2026-04-20 02:08:12,993  [INFO]  [CryptoCompare] BTC/1h — 2001 filas descargadas
2026-04-20 02:08:15,027  [INFO]  [CryptoCompare] BTC/4h — 501 filas descargadas
2026-04-20 02:08:16,869  [INFO]  [CoinGecko] BTC — 90 filas descargadas
2026-04-20 02:08:19,030  [INFO]  [CryptoCompare] ETH/1h — 2001 filas descargadas
2026-04-20 02:08:21,253  [INFO]  [CryptoCompare] ETH/4h — 501 filas descargadas
2026-04-20 02:08:23,045  [INFO]  [CoinGecko] ETH — 90 filas descargadas
2026-04-20 02:08:25,400  [INFO]  [CryptoCompare] SOL/1h — 2001 filas descargadas
2026-04-20 02:08:27,729  [INFO]  [CryptoCompare] SOL/4h — 501 filas descargadas
2026-04-20 02:08:29,395  [INFO]  [CoinGecko] SOL — 90 filas descargadas
2026-04-20 02:08:31,932  [INFO]  [CryptoCompare] BNB/1h — 2001 filas descargadas
2026-04-20 02:08:33,987  [INFO]  [CryptoCompare] BNB/4h — 501 filas descargadas
2026-04-20 02:08:35,710  [INFO]  [CoinGecko] BNB — 90 filas descargadas
2026-04-20 02:08:37,870  [INFO]  [CryptoCompare] XRP/1h — 2001 filas descargadas
2026-04-20 02:08:39,911  [INFO]  [CryptoCompare] XRP/4h — 501 filas descargadas
2026-04-20 02:08:41,650  [INFO]  [CoinGecko] XRP — 90 filas descargadas
2026-04-20 02:08:43,154  [INFO]  [collector] Total filas recolectadas: 12,960
2026-04-20 02:08:43,669  [INFO]  [engineering] Aplicando features a 12,960 filas...
2026-04-20 02:08:44,061  [INFO]  [engineering] Procesado listo — shape: (12945, 28)  | memoria: 3.7 MB
2026-04-20 02:08:44,718  [INFO]  [engineering] Guardado en 'crypto_processed' y 'data/crypto_processed.pkl'
2026-04-20 02:08:44,739  [INFO]  [trainer] Entrenando Ridge con GridSearchCV...
2026-04-20 02:08:45,211  [INFO]  [trainer] Ridge — alpha=0.1  MAE=$84.89  RMSE=$290.10  R˛=0.9999
2026-04-20 02:08:45,222  [INFO]  [trainer] Entrenando SARIMAX...
2026-04-20 02:15:51,504  [INFO]  [trainer] SARIMAX listo.
2026-04-20 02:16:31,568  [INFO]  [trainer] Modelos guardados en models/
2026-04-20 02:16:32,293  [INFO]  [predictor] Predicción (ridge): $627.37
2026-04-20 02:16:32,321  [INFO]  [predictor] Predicción (ridge): $631.07
2026-04-20 02:16:32,351  [INFO]  [predictor] Predicción (ridge): $628.18
2026-04-20 02:16:32,373  [INFO]  [predictor] Predicción (ridge): $74,299.82
2026-04-20 02:16:32,388  [INFO]  [predictor] Predicción (ridge): $73,770.03
2026-04-20 02:16:32,402  [INFO]  [predictor] Predicción (ridge): $74,559.05
2026-04-20 02:16:32,420  [INFO]  [predictor] Predicción (ridge): $2,276.86
2026-04-20 02:16:32,436  [INFO]  [predictor] Predicción (ridge): $2,258.47
2026-04-20 02:16:32,451  [INFO]  [predictor] Predicción (ridge): $2,288.40
2026-04-20 02:16:32,472  [INFO]  [predictor] Predicción (ridge): $89.58
2026-04-20 02:16:32,493  [INFO]  [predictor] Predicción (ridge): $94.47
2026-04-20 02:16:32,518  [INFO]  [predictor] Predicción (ridge): $90.45
2026-04-20 02:16:32,540  [INFO]  [predictor] Predicción (ridge): $7.55
2026-04-20 02:16:32,554  [INFO]  [predictor] Predicción (ridge): $16.46
2026-04-20 02:16:32,570  [INFO]  [predictor] Predicción (ridge): $6.48
2026-04-20 02:16:32,578  [INFO]  PIPELINE completado en 500.5s
2026-04-20 02:16:32,579  [INFO]  ============================================================
2026-04-20 02:20:06,213  [INFO]  [predictor] Predicción (ridge): $74,299.82
2026-04-20 10:17:14,971  [INFO]  [predictor] Predicción (ridge): $74,299.82
2026-04-20 10:38:14,235  [INFO]  [predictor] Predicción (ridge): $74,299.82
2026-04-20 10:43:15,091  [INFO]  [predictor] Predicción (ridge): $74,299.82
2026-04-20 10:44:50,933  [INFO]  [predictor] Predicción (ridge): $74,299.82
2026-04-20 10:49:44,649  [INFO]  [predictor] Predicción (ridge): $2,276.86
2026-04-20 10:54:07,487  [INFO]  [predictor] Predicción (ridge): $74,299.82
2026-04-20 11:19:42,929  [INFO]  [predictor] Predicción (ridge): $74,299.82
2026-04-20 16:36:17,678  [INFO]  [predictor] Predicción (ridge): $74,299.82
2026-04-20 16:46:59,112  [INFO]  [predictor] Predicción (ridge): $74,299.82
2026-04-20 17:07:36,073  [INFO]  [predictor] Predicción (ridge): $74,299.82
2026-04-20 17:09:00,192  [INFO]  [predictor] Predicción (ridge): $74,299.82
2026-04-20 17:15:02,150  [INFO]  [predictor] Predicción (ridge): $74,299.82
2026-04-20 17:29:25,001  [INFO]  [predictor] Predicción (ridge): $74,299.82
2026-04-20 17:32:13,838  [INFO]  [predictor] Predicción (ridge): $2,276.86
2026-04-20 17:32:18,345  [INFO]  [predictor] Predicción (ridge): $89.58
2026-04-20 17:32:39,025  [INFO]  [predictor] Predicción (ridge): $74,299.82
2026-04-20 17:36:22,561  [INFO]  [predictor] Predicción (ridge): $74,299.82
2026-04-20 17:36:51,122  [INFO]  [predictor] Predicción (sarimax): $18,425.85
2026-04-20 17:37:18,237  [INFO]  [predictor] Predicción (sarimax): $18,425.85
2026-04-20 17:37:42,910  [INFO]  [predictor] Predicción (sarimax): $18,425.85
2026-04-20 17:37:48,613  [INFO]  [predictor] Predicción (ridge): $2,258.47
2026-04-20 17:37:57,814  [INFO]  [predictor] Predicción (ridge): $2,258.47
2026-04-20 17:38:05,973  [INFO]  ============================================================
2026-04-20 17:38:05,974  [INFO]  PIPELINE iniciado: 2026-04-20 17:38:05
2026-04-20 17:38:05,974  [INFO]  ============================================================
2026-04-20 17:38:07,094  [INFO]  [CryptoCompare] BTC/1h — 2001 filas descargadas
2026-04-20 17:38:09,226  [INFO]  [CryptoCompare] BTC/4h — 501 filas descargadas
2026-04-20 17:38:11,172  [INFO]  [CoinGecko] BTC — 90 filas descargadas
2026-04-20 17:38:13,308  [INFO]  [CryptoCompare] ETH/1h — 2001 filas descargadas
2026-04-20 17:38:15,258  [INFO]  [CryptoCompare] ETH/4h — 501 filas descargadas
2026-04-20 17:38:16,993  [INFO]  [CoinGecko] ETH — 90 filas descargadas
2026-04-20 17:38:19,271  [INFO]  [CryptoCompare] SOL/1h — 2001 filas descargadas
2026-04-20 17:38:21,371  [INFO]  [CryptoCompare] SOL/4h — 501 filas descargadas
2026-04-20 17:38:23,148  [INFO]  [CoinGecko] SOL — 90 filas descargadas
2026-04-20 17:38:25,915  [INFO]  [CryptoCompare] BNB/1h — 2001 filas descargadas
2026-04-20 17:38:30,408  [INFO]  [CryptoCompare] BNB/4h — 501 filas descargadas
2026-04-20 17:38:32,147  [INFO]  [CoinGecko] BNB — 90 filas descargadas
2026-04-20 17:38:34,742  [INFO]  [CryptoCompare] XRP/1h — 2001 filas descargadas
2026-04-20 17:38:36,877  [INFO]  [CryptoCompare] XRP/4h — 501 filas descargadas
2026-04-20 17:38:38,613  [INFO]  [CoinGecko] XRP — 90 filas descargadas
2026-04-20 17:38:40,122  [INFO]  [collector] Total filas recolectadas: 12,960
2026-04-20 17:38:40,859  [INFO]  [engineering] Aplicando features a 12,960 filas...
2026-04-20 17:38:41,611  [INFO]  [engineering] Procesado listo — shape: (12945, 28)  | memoria: 3.7 MB
2026-04-20 17:38:42,706  [INFO]  [engineering] Guardado en 'crypto_processed' y 'data/crypto_processed.pkl'
2026-04-20 17:38:42,744  [INFO]  [trainer] Entrenando Ridge con GridSearchCV...
2026-04-20 17:38:43,423  [INFO]  [trainer] Ridge — alpha=0.1  MAE=$84.71  RMSE=$291.43  R˛=0.9999
2026-04-20 17:38:43,457  [INFO]  [trainer] Entrenando SARIMAX...
2026-04-20 17:39:25,103  [INFO]  [predictor] Predicción (ridge): $2,258.47
2026-04-20 17:45:30,779  [ERROR]  Task exception was never retrieved
future: <Task finished name='Task-729' coro=<WebSocketProtocol13.write_message.<locals>.wrapper() done, defined at C:\Users\taver\Downloads\Trabajo_final_Rauli_Stevens\venv\Lib\site-packages\tornado\websocket.py:1111> exception=WebSocketClosedError()>
Traceback (most recent call last):
  File "C:\Users\taver\Downloads\Trabajo_final_Rauli_Stevens\venv\Lib\site-packages\tornado\websocket.py", line 1113, in wrapper
    await fut
tornado.iostream.StreamClosedError: Stream is closed

During handling of the above exception, another exception occurred:

Traceback (most recent call last):
  File "C:\Users\taver\Downloads\Trabajo_final_Rauli_Stevens\venv\Lib\site-packages\tornado\websocket.py", line 1115, in wrapper
    raise WebSocketClosedError()
tornado.websocket.WebSocketClosedError
2026-04-20 17:45:31,300  [INFO]  [trainer] SARIMAX listo.
2026-04-20 17:45:32,281  [INFO]  [predictor] Predicción (ridge): $74,311.83
2026-04-20 17:46:10,024  [INFO]  [trainer] Modelos guardados en models/
2026-04-20 17:46:10,479  [INFO]  [predictor] Predicción (ridge): $651.95
2026-04-20 17:46:10,506  [INFO]  [predictor] Predicción (ridge): $631.49
2026-04-20 17:46:10,543  [INFO]  [predictor] Predicción (ridge): $647.03
2026-04-20 17:46:10,575  [INFO]  [predictor] Predicción (ridge): $76,306.48
2026-04-20 17:46:10,596  [INFO]  [predictor] Predicción (ridge): $73,816.11
2026-04-20 17:46:10,620  [INFO]  [predictor] Predicción (ridge): $76,209.51
2026-04-20 17:46:10,648  [INFO]  [predictor] Predicción (ridge): $2,356.52
2026-04-20 17:46:10,677  [INFO]  [predictor] Predicción (ridge): $2,271.68
2026-04-20 17:46:10,705  [INFO]  [predictor] Predicción (ridge): $2,346.80
2026-04-20 17:46:10,734  [INFO]  [predictor] Predicción (ridge): $106.57
2026-04-20 17:46:10,758  [INFO]  [predictor] Predicción (ridge): $97.33
2026-04-20 17:46:10,784  [INFO]  [predictor] Predicción (ridge): $102.70
2026-04-20 17:46:10,812  [INFO]  [predictor] Predicción (ridge): $21.23
2026-04-20 17:46:10,840  [INFO]  [predictor] Predicción (ridge): $17.17
2026-04-20 17:46:10,878  [INFO]  [predictor] Predicción (ridge): $18.95
2026-04-20 17:46:10,893  [INFO]  PIPELINE completado en 484.9s
2026-04-20 17:46:10,894  [INFO]  ============================================================
2026-04-20 17:46:48,153  [INFO]  [predictor] Predicción (ridge): $12.36
2026-04-20 17:47:04,084  [INFO]  [predictor] Predicción (ridge): $17.17
2026-04-20 17:47:25,375  [INFO]  [predictor] Predicción (sarimax): $18,998.63
2026-04-20 17:52:28,168  [INFO]  [predictor] Predicción (sarimax): $18,998.63
2026-04-20 20:02:52,474  [INFO]  [predictor] Predicción (ridge): $76,306.48
2026-04-20 20:03:59,255  [INFO]  [predictor] Predicción (ridge): $76,306.48
2026-04-20 20:08:40,296  [INFO]  [predictor] Predicción (ridge): $2,356.52
2026-04-20 20:08:57,319  [INFO]  [predictor] Predicción (ridge): $2,346.80
2026-04-20 20:09:24,590  [INFO]  [predictor] Predicción (sarimax): $18,998.63
2026-04-20 20:09:54,744  [INFO]  [predictor] Predicción (sarimax): $18,998.63
2026-04-20 20:10:28,086  [INFO]  [predictor] Predicción (sarimax): $18,998.63
2026-04-20 20:10:39,477  [INFO]  [predictor] Predicción (sarimax): $18,998.63
2026-04-20 20:11:34,104  [INFO]  [predictor] Predicción (sarimax): $18,998.63
2026-04-20 20:13:01,106  [INFO]  [predictor] Predicción (sarimax): $18,998.63
2026-04-20 20:13:04,553  [INFO]  [predictor] Predicción (sarimax): $18,998.63
2026-04-20 20:13:25,241  [INFO]  [predictor] Predicción (ridge): $76,306.48
2026-04-20 20:13:36,603  [INFO]  [predictor] Predicción (sarimax): $18,998.63
2026-04-20 20:14:08,507  [INFO]  [predictor] Predicción (sarimax): $18,998.63
2026-04-20 20:14:23,983  [INFO]  [predictor] Predicción (sarimax): $18,998.63
2026-04-20 20:15:37,171  [INFO]  [predictor] Predicción (ridge): $2,356.52
2026-04-20 20:15:43,886  [INFO]  [predictor] Predicción (ridge): $21.23
2026-04-20 20:15:49,439  [INFO]  [predictor] Predicción (ridge): $2,356.52
2026-04-20 20:44:05,229  [INFO]  [predictor] Predicción (ridge): $76,306.48
2026-04-20 21:16:54,492  [INFO]  [predictor] Predicción (ridge): $76,306.48
2026-04-20 21:17:12,671  [INFO]  [predictor] Predicción (ridge): $76,306.48
2026-04-20 21:18:50,307  [INFO]  [predictor] Predicción (ridge): $76,306.48
2026-04-20 21:18:56,230  [INFO]  [predictor] Predicción (ridge): $76,306.48
2026-04-20 21:25:06,099  [INFO]  [predictor] Predicción (ridge): $2,356.52
2026-04-20 21:25:10,214  [INFO]  [predictor] Predicción (ridge): $106.57
2026-04-20 21:25:16,946  [INFO]  [predictor] Predicción (ridge): $76,306.48
2026-04-20 21:25:19,166  [INFO]  [predictor] Predicción (ridge): $76,209.51
2026-04-20 21:25:33,823  [INFO]  [predictor] Predicción (ridge): $73,816.11
2026-04-20 21:25:55,140  [INFO]  [predictor] Predicción (sarimax): $18,998.63
2026-04-20 21:27:09,745  [INFO]  [predictor] Predicción (sarimax): $18,998.63
2026-04-20 21:27:55,426  [INFO]  [predictor] Predicción (sarimax): $18,998.63
2026-04-20 21:28:10,863  [INFO]  [predictor] Predicción (sarimax): $18,998.63
2026-04-20 21:28:21,052  [INFO]  [predictor] Predicción (sarimax): $18,998.63
2026-04-20 21:28:32,178  [INFO]  [predictor] Predicción (sarimax): $18,998.63
2026-04-20 21:44:18,954  [INFO]  [predictor] Predicción (ridge): $76,306.48
2026-04-20 21:44:35,021  [INFO]  [predictor] Predicción (sarimax): $18,998.63
2026-04-20 22:10:38,190  [INFO]  [predictor] Predicción (ridge): $76,306.48
2026-04-20 22:24:05,610  [INFO]  [predictor] Predicción (ridge): $76,306.48
2026-04-20 23:38:13,132  [INFO]  [predictor] Predicción (sarimax): $18,998.63
2026-04-20 23:38:30,684  [INFO]  [predictor] Predicción (sarimax): $18,998.63
2026-04-20 23:39:05,458  [INFO]  [predictor] Predicción (sarimax): $18,998.63
2026-04-21 00:12:30,520  [INFO]  [predictor] Predicción (sarimax): $18,998.63
2026-04-21 00:12:37,124  [INFO]  [predictor] Predicción (sarimax): $18,998.63
2026-04-21 00:13:54,688  [INFO]  [predictor] Predicción (sarimax): $18,998.63
2026-04-21 06:40:06,364  [INFO]  [predictor] Predicción (sarimax): $18,998.63
2026-04-21 06:40:24,013  [INFO]  [predictor] Predicción (sarimax): $18,998.63
2026-04-21 06:40:42,749  [INFO]  [predictor] Predicción (sarimax): $18,998.63
2026-04-21 14:22:18,632  [ERROR]  Task exception was never retrieved
future: <Task finished name='Task-721' coro=<WebSocketProtocol13.write_message.<locals>.wrapper() done, defined at C:\Users\taver\Downloads\Trabajo_final_Rauli_Stevens\venv\Lib\site-packages\tornado\websocket.py:1111> exception=WebSocketClosedError()>
Traceback (most recent call last):
  File "C:\Users\taver\Downloads\Trabajo_final_Rauli_Stevens\venv\Lib\site-packages\tornado\websocket.py", line 1113, in wrapper
    await fut
tornado.iostream.StreamClosedError: Stream is closed

During handling of the above exception, another exception occurred:

Traceback (most recent call last):
  File "C:\Users\taver\Downloads\Trabajo_final_Rauli_Stevens\venv\Lib\site-packages\tornado\websocket.py", line 1115, in wrapper
    raise WebSocketClosedError()
tornado.websocket.WebSocketClosedError
2026-04-21 14:23:05,125  [INFO]  [predictor] Predicción (sarimax): $18,998.63
2026-04-21 14:23:35,446  [INFO]  [predictor] Predicción (sarimax): $18,998.63
2026-04-21 15:12:47,725  [INFO]  [predictor] Predicción (ridge): $76,306.48
2026-04-21 15:26:18,670  [INFO]  [predictor] Predicción (ridge): $76,306.48
2026-04-22 01:29:42,990  [INFO]  [predictor] Predicción (ridge): $76,306.48
2026-04-22 01:31:20,972  [INFO]  [predictor] Predicción (ridge): $76,306.48
2026-04-22 01:31:37,411  [INFO]  [predictor] Predicción (ridge): $76,306.48
2026-04-22 01:31:37,926  [INFO]  [predictor] Predicción (ridge): $76,306.48
2026-04-22 01:35:09,982  [INFO]  [predictor] Predicción (ridge): $76,306.48
2026-04-22 01:35:10,496  [INFO]  [predictor] Predicción (ridge): $76,306.48
2026-04-22 01:40:43,035  [INFO]  [predictor] Predicción (sarimax): $18,998.63
2026-04-22 02:01:02,814  [INFO]  [predictor] Predicción (ridge): $76,306.48
2026-04-22 02:01:33,248  [INFO]  [predictor] Predicción (ridge): $2,356.52
2026-04-22 02:01:39,601  [INFO]  [predictor] Predicción (ridge): $106.57
2026-04-22 02:01:51,555  [INFO]  [predictor] Predicción (ridge): $651.95
2026-04-22 02:02:01,917  [INFO]  [predictor] Predicción (ridge): $21.23
2026-04-22 02:02:09,062  [INFO]  [predictor] Predicción (ridge): $18.95
2026-04-22 02:02:15,148  [INFO]  [predictor] Predicción (ridge): $17.17
2026-04-22 02:02:38,968  [INFO]  [predictor] Predicción (sarimax): $18,998.63
2026-04-22 02:02:43,991  [INFO]  [predictor] Predicción (ridge): $17.17
2026-04-22 02:02:47,114  [INFO]  [predictor] Predicción (ridge): $2,271.68
2026-04-22 02:02:53,940  [INFO]  [predictor] Predicción (ridge): $73,816.11
2026-04-22 02:03:18,228  [INFO]  [predictor] Predicción (ridge): $76,306.48
2026-04-22 02:03:21,667  [INFO]  [predictor] Predicción (ridge): $106.57
2026-04-22 02:03:24,513  [INFO]  [predictor] Predicción (ridge): $97.33
2026-04-22 02:04:45,852  [INFO]  [predictor] Predicción (ridge): $97.33
2026-04-22 02:04:46,395  [INFO]  [predictor] Predicción (ridge): $97.33
2026-04-22 02:07:39,100  [INFO]  [predictor] Predicción (ridge): $97.33
2026-04-22 02:07:39,789  [INFO]  [predictor] Predicción (ridge): $97.33
2026-04-22 02:09:04,434  [INFO]  [predictor] Predicción (ridge): $73,816.11
2026-04-22 02:09:08,070  [INFO]  [predictor] Predicción (ridge): $76,306.48
2026-04-22 02:09:57,591  [INFO]  [predictor] Predicción (ridge): $76,306.48
2026-04-22 02:10:02,537  [INFO]  [predictor] Predicción (ridge): $76,306.48
2026-04-22 02:13:22,507  [INFO]  [predictor] Predicción (ridge): $76,306.48
2026-04-22 02:13:23,018  [INFO]  [predictor] Predicción (ridge): $76,306.48
2026-04-22 02:15:13,473  [INFO]  [predictor] Predicción (ridge): $76,306.48
2026-04-22 02:15:15,386  [INFO]  [predictor] Predicción (ridge): $73,816.11
2026-04-22 02:15:50,387  [INFO]  [predictor] Predicción (ridge): $73,816.11
2026-04-22 02:15:50,789  [INFO]  [predictor] Predicción (ridge): $73,816.11
2026-04-22 02:18:27,843  [INFO]  [predictor] Predicción (ridge): $73,816.11
2026-04-22 02:18:28,317  [INFO]  [predictor] Predicción (ridge): $73,816.11
2026-04-22 02:25:17,357  [INFO]  [predictor] Predicción (ridge): $76,306.48
2026-04-22 02:26:19,523  [INFO]  [predictor] Predicción (ridge): $2,356.52
2026-04-22 02:26:25,797  [INFO]  [predictor] Predicción (ridge): $76,306.48
2026-04-22 02:26:32,875  [INFO]  [predictor] Predicción (ridge): $106.57
2026-04-22 02:26:45,708  [INFO]  [predictor] Predicción (ridge): $651.95
2026-04-22 02:26:55,119  [INFO]  [predictor] Predicción (ridge): $21.23
2026-04-22 02:27:02,170  [INFO]  [predictor] Predicción (ridge): $106.57
2026-04-22 02:27:04,713  [INFO]  [predictor] Predicción (ridge): $102.70
2026-04-22 02:27:09,768  [INFO]  [predictor] Predicción (ridge): $97.33
2026-04-22 02:27:17,356  [INFO]  [predictor] Predicción (ridge): $73,816.11
2026-04-22 02:27:22,445  [INFO]  [predictor] Predicción (ridge): $76,306.48
2026-04-22 02:27:25,624  [INFO]  [predictor] Predicción (ridge): $76,209.51
2026-04-22 02:31:13,724  [INFO]  [predictor] Predicción (ridge): $76,306.48
2026-04-22 02:31:50,099  [INFO]  [predictor] Predicción (ridge): $76,306.48
2026-04-22 07:59:41,257  [INFO]  [predictor] Predicción (ridge): $76,306.48
2026-04-22 08:00:06,202  [INFO]  [predictor] Predicción (ridge): $76,306.48
2026-04-22 08:00:06,472  [INFO]  [predictor] Predicción (ridge): $76,306.48
2026-04-22 08:00:14,537  [INFO]  [predictor] Predicción (ridge): $76,306.48
2026-04-22 08:00:14,795  [INFO]  [predictor] Predicción (ridge): $76,306.48
2026-04-22 08:01:28,109  [INFO]  [predictor] Predicción (ridge): $76,209.51
2026-04-22 08:01:33,883  [INFO]  [predictor] Predicción (ridge): $73,816.11
2026-04-22 08:01:39,960  [INFO]  [predictor] Predicción (ridge): $2,271.68
2026-04-22 08:01:45,289  [INFO]  [predictor] Predicción (ridge): $2,346.80
2026-04-22 08:01:52,346  [INFO]  [predictor] Predicción (ridge): $102.70
2026-04-22 08:02:10,920  [INFO]  [predictor] Predicción (ridge): $97.33
2026-04-22 08:02:23,021  [INFO]  [predictor] Predicción (ridge): $2,271.68
2026-04-22 08:02:42,771  [INFO]  [predictor] Predicción (sarimax): $18,998.63
2026-04-22 08:03:02,061  [INFO]  [predictor] Predicción (sarimax): $18,998.63
2026-04-22 08:03:39,812  [INFO]  [predictor] Predicción (sarimax): $18,998.63
2026-04-22 08:03:58,164  [INFO]  [predictor] Predicción (sarimax): $18,998.63
2026-04-22 08:04:18,274  [INFO]  [predictor] Predicción (sarimax): $18,998.63
2026-04-22 08:04:36,002  [INFO]  [predictor] Predicción (sarimax): $18,998.63
2026-04-22 08:05:06,912  [INFO]  [predictor] Predicción (sarimax): $18,998.63
2026-04-22 08:05:10,629  [INFO]  [predictor] Predicción (sarimax): $18,998.63
2026-04-22 08:05:40,621  [INFO]  [predictor] Predicción (sarimax): $18,998.63
2026-04-22 08:06:00,058  [INFO]  [predictor] Predicción (sarimax): $18,998.63
2026-04-22 08:06:17,115  [INFO]  [predictor] Predicción (sarimax): $18,998.63
2026-04-22 08:06:34,980  [INFO]  [predictor] Predicción (sarimax): $18,998.63
2026-04-22 08:07:05,886  [INFO]  [predictor] Predicción (sarimax): $18,998.63
2026-04-22 08:07:05,906  [INFO]  [predictor] Predicción (sarimax): $18,998.63
2026-04-22 08:07:15,157  [INFO]  [predictor] Predicción (ridge): $76,209.51
2026-04-22 08:07:20,817  [INFO]  [predictor] Predicción (ridge): $2,346.80
2026-04-22 08:07:27,781  [INFO]  [predictor] Predicción (ridge): $2,346.80
2026-04-22 08:07:30,951  [INFO]  [predictor] Predicción (ridge): $2,271.68
2026-04-22 08:07:35,754  [INFO]  [predictor] Predicción (ridge): $2,356.52
2026-04-22 08:16:23,180  [INFO]  [predictor] Predicción (ridge): $2,356.52
2026-04-22 08:16:23,842  [INFO]  [predictor] Predicción (ridge): $2,356.52
2026-04-22 08:18:23,023  [INFO]  [predictor] Predicción (ridge): $2,356.52
2026-04-22 08:26:55,885  [INFO]  [predictor] Predicción (ridge): $2,356.52
2026-04-22 08:26:56,485  [INFO]  [predictor] Predicción (ridge): $2,356.52
2026-04-22 08:28:16,784  [INFO]  [predictor] Predicción (ridge): $2,356.52
